[2020-12-04 04:11:09] preparing train loader...
[2020-12-04 04:11:10] preparing val loader...
[2020-12-04 04:11:11] preparing trainer...
[2020-12-04 04:11:20] computing sigma from data median
failed to import kinetics, please install library from
https://github.com/facebookresearch/SlowFast/blob/master/INSTALL.md
failed to import kinetics, please install library from
https://github.com/facebookresearch/SlowFast/blob/master/INSTALL.md
Batch size :  16
[2020-12-04 04:11:55] current sigma: (7.25760961604213) * 1 (7.803136967476806) * 1
[2020-12-04 04:11:55] Outer criterion: RbfHSIC
[2020-12-04 04:11:55] Munch({'outer_criterion': 'RbfHSIC', 'inner_criterion': 'MinusRbfHSIC', 'outer_criterion_config': Munch({'sigma_x': 7.25760961604213, 'sigma_y': 7.803136967476806, 'algorithm': 'unbiased'}), 'outer_criterion_detail': Munch({'sigma_x_type': 'median', 'sigma_y_type': 'median', 'sigma_x_scale': 1, 'sigma_y_scale': 1}), 'inner_criterion_config': Munch({'sigma_x': 7.25760961604213, 'sigma_y': 7.803136967476806, 'algorithm': 'unbiased'}), 'inner_criterion_detail': Munch({'sigma_x_type': 'median', 'sigma_y_type': 'median', 'sigma_x_scale': 1, 'sigma_y_scale': 1}), 'f_config': Munch({'feature_pos': 'post', 'num_classes': 9}), 'g_config': Munch({'feature_pos': 'post', 'num_classes': 9}), 'f_lambda_outer': 1, 'g_lambda_inner': 1, 'n_g_update': 1, 'update_g_cls': True, 'n_g_nets': 1, 'optimizer': 'AdamP', 'f_optim_config': Munch({'lr': 0.001, 'weight_decay': 0.0001}), 'g_optim_config': Munch({'lr': 0.001, 'weight_decay': 0.0001}), 'scheduler': 'CosineAnnealingLR', 'f_scheduler_config': Munch({'T_max': 120}), 'g_scheduler_config': Munch({'T_max': 120}), 'n_g_pretrain_epochs': 0, 'n_f_pretrain_epochs': 0, 'n_epochs': 120})
[2020-12-04 04:11:55] start pretraining
[2020-12-04 04:11:55] start training
[2020-12-04 04:12:00] [Train] Report @step: 0.02 {'train__g_0_cls': 0.49244028329849243, 'train__g_0_inner': -0.008174016140401363, 'train__g_loss': 0.4842662811279297, 'train__f_loss_cls': 1.5261199474334717, 'train__f_loss_indep_g_0': 0.0071397931315004826, 'train__f_loss_indep': 0.0071397931315004826, 'train__f_loss': 1.5332597494125366}
[2020-12-04 04:12:04] [Train] Report @step: 0.05 {'train__g_0_cls': 0.9333483576774597, 'train__g_0_inner': -0.00831457320600748, 'train__g_loss': 0.9250338077545166, 'train__f_loss_cls': 0.8572277426719666, 'train__f_loss_indep_g_0': 0.007897450588643551, 'train__f_loss_indep': 0.007897450588643551, 'train__f_loss': 0.8651251792907715}
[2020-12-04 04:12:09] [Train] Report @step: 0.07 {'train__g_0_cls': 0.8352934718132019, 'train__g_0_inner': -0.007663140073418617, 'train__g_loss': 0.827630341053009, 'train__f_loss_cls': 0.8097558617591858, 'train__f_loss_indep_g_0': 0.006347362883388996, 'train__f_loss_indep': 0.006347362883388996, 'train__f_loss': 0.8161032199859619}
[2020-12-04 04:12:14] [Train] Report @step: 0.10 {'train__g_0_cls': 0.7243550419807434, 'train__g_0_inner': -0.01931777410209179, 'train__g_loss': 0.7050372958183289, 'train__f_loss_cls': 0.649364709854126, 'train__f_loss_indep_g_0': 0.019423265010118484, 'train__f_loss_indep': 0.019423265010118484, 'train__f_loss': 0.668787956237793}
[2020-12-04 04:12:18] [Train] Report @step: 0.12 {'train__g_0_cls': 0.8099538087844849, 'train__g_0_inner': -0.018675878643989563, 'train__g_loss': 0.7912779450416565, 'train__f_loss_cls': 0.6390154957771301, 'train__f_loss_indep_g_0': 0.01815766654908657, 'train__f_loss_indep': 0.01815766654908657, 'train__f_loss': 0.6571731567382812}
[2020-12-04 04:12:23] [Train] Report @step: 0.15 {'train__g_0_cls': 0.5092827677726746, 'train__g_0_inner': -0.010296895168721676, 'train__g_loss': 0.4989858865737915, 'train__f_loss_cls': 0.5612689256668091, 'train__f_loss_indep_g_0': 0.010289412923157215, 'train__f_loss_indep': 0.010289412923157215, 'train__f_loss': 0.5715583562850952}
[2020-12-04 04:12:27] [Train] Report @step: 0.17 {'train__g_0_cls': 0.5641882419586182, 'train__g_0_inner': -0.01603669486939907, 'train__g_loss': 0.5481515526771545, 'train__f_loss_cls': 0.5811476707458496, 'train__f_loss_indep_g_0': 0.015728291124105453, 'train__f_loss_indep': 0.015728291124105453, 'train__f_loss': 0.5968759655952454}
[2020-12-04 04:12:32] [Train] Report @step: 0.20 {'train__g_0_cls': 0.8571975231170654, 'train__g_0_inner': -0.013495959341526031, 'train__g_loss': 0.8437015414237976, 'train__f_loss_cls': 0.6421608328819275, 'train__f_loss_indep_g_0': 0.014022240415215492, 'train__f_loss_indep': 0.014022240415215492, 'train__f_loss': 0.6561830639839172}
[2020-12-04 04:12:36] [Train] Report @step: 0.22 {'train__g_0_cls': 0.6123701333999634, 'train__g_0_inner': -0.012846874073147774, 'train__g_loss': 0.5995232462882996, 'train__f_loss_cls': 0.5034569501876831, 'train__f_loss_indep_g_0': 0.012601412832736969, 'train__f_loss_indep': 0.012601412832736969, 'train__f_loss': 0.5160583853721619}
[2020-12-04 04:12:41] [Train] Report @step: 0.25 {'train__g_0_cls': 0.6140933632850647, 'train__g_0_inner': -0.013865984976291656, 'train__g_loss': 0.6002273559570312, 'train__f_loss_cls': 0.6054837107658386, 'train__f_loss_indep_g_0': 0.01413741521537304, 'train__f_loss_indep': 0.01413741521537304, 'train__f_loss': 0.6196210980415344}
[2020-12-04 04:12:46] [Train] Report @step: 0.27 {'train__g_0_cls': 0.5342507362365723, 'train__g_0_inner': -0.010260509327054024, 'train__g_loss': 0.5239902138710022, 'train__f_loss_cls': 0.4780846834182739, 'train__f_loss_indep_g_0': 0.009854757227003574, 'train__f_loss_indep': 0.009854757227003574, 'train__f_loss': 0.4879394471645355}
[2020-12-04 04:12:50] [Train] Report @step: 0.30 {'train__g_0_cls': 0.5654071569442749, 'train__g_0_inner': -0.007895690388977528, 'train__g_loss': 0.5575114488601685, 'train__f_loss_cls': 0.6754021644592285, 'train__f_loss_indep_g_0': 0.007293407805263996, 'train__f_loss_indep': 0.007293407805263996, 'train__f_loss': 0.6826955676078796}
[2020-12-04 04:12:55] [Train] Report @step: 0.32 {'train__g_0_cls': 0.5559402108192444, 'train__g_0_inner': -0.019189395010471344, 'train__g_loss': 0.5367507934570312, 'train__f_loss_cls': 0.46771401166915894, 'train__f_loss_indep_g_0': 0.02024313248693943, 'train__f_loss_indep': 0.02024313248693943, 'train__f_loss': 0.4879571497440338}
[2020-12-04 04:12:59] [Train] Report @step: 0.34 {'train__g_0_cls': 0.5806209444999695, 'train__g_0_inner': -0.004275615327060223, 'train__g_loss': 0.5763453245162964, 'train__f_loss_cls': 0.6264119148254395, 'train__f_loss_indep_g_0': 0.0036583682522177696, 'train__f_loss_indep': 0.0036583682522177696, 'train__f_loss': 0.6300702691078186}
[2020-12-04 04:13:04] [Train] Report @step: 0.37 {'train__g_0_cls': 0.3747434914112091, 'train__g_0_inner': -0.007723001763224602, 'train__g_loss': 0.36702048778533936, 'train__f_loss_cls': 0.3657151758670807, 'train__f_loss_indep_g_0': 0.007759681437164545, 'train__f_loss_indep': 0.007759681437164545, 'train__f_loss': 0.3734748661518097}
[2020-12-04 04:13:09] [Train] Report @step: 0.39 {'train__g_0_cls': 0.8161140084266663, 'train__g_0_inner': -0.009738628752529621, 'train__g_loss': 0.8063753843307495, 'train__f_loss_cls': 0.5756029486656189, 'train__f_loss_indep_g_0': 0.009130477905273438, 'train__f_loss_indep': 0.009130477905273438, 'train__f_loss': 0.5847334265708923}
[2020-12-04 04:13:13] [Train] Report @step: 0.42 {'train__g_0_cls': 0.6368561387062073, 'train__g_0_inner': -0.0009480990120209754, 'train__g_loss': 0.6359080672264099, 'train__f_loss_cls': 0.5555237531661987, 'train__f_loss_indep_g_0': 0.0010202848352491856, 'train__f_loss_indep': 0.0010202848352491856, 'train__f_loss': 0.5565440654754639}
[2020-12-04 04:13:18] [Train] Report @step: 0.44 {'train__g_0_cls': 0.517978847026825, 'train__g_0_inner': -0.007817782461643219, 'train__g_loss': 0.5101610422134399, 'train__f_loss_cls': 0.567449688911438, 'train__f_loss_indep_g_0': 0.0073688216507434845, 'train__f_loss_indep': 0.0073688216507434845, 'train__f_loss': 0.57481849193573}
[2020-12-04 04:13:22] [Train] Report @step: 0.47 {'train__g_0_cls': 0.5480654239654541, 'train__g_0_inner': -0.013804949820041656, 'train__g_loss': 0.5342604517936707, 'train__f_loss_cls': 0.5103329420089722, 'train__f_loss_indep_g_0': 0.01409662701189518, 'train__f_loss_indep': 0.01409662701189518, 'train__f_loss': 0.5244295597076416}
[2020-12-04 04:13:27] [Train] Report @step: 0.49 {'train__g_0_cls': 0.7588724493980408, 'train__g_0_inner': -0.004847746808081865, 'train__g_loss': 0.7540246844291687, 'train__f_loss_cls': 0.701600968837738, 'train__f_loss_indep_g_0': 0.004035583231598139, 'train__f_loss_indep': 0.004035583231598139, 'train__f_loss': 0.7056365609169006}
[2020-12-04 04:13:32] [Train] Report @step: 0.52 {'train__g_0_cls': 0.6264760494232178, 'train__g_0_inner': 0.00048255923320539296, 'train__g_loss': 0.6269586086273193, 'train__f_loss_cls': 0.6271132826805115, 'train__f_loss_indep_g_0': -0.00022917528985999525, 'train__f_loss_indep': -0.00022917528985999525, 'train__f_loss': 0.6268841028213501}
[2020-12-04 04:13:36] [Train] Report @step: 0.54 {'train__g_0_cls': 0.5251790881156921, 'train__g_0_inner': -0.014683577232062817, 'train__g_loss': 0.5104954838752747, 'train__f_loss_cls': 0.5224457383155823, 'train__f_loss_indep_g_0': 0.013777953572571278, 'train__f_loss_indep': 0.013777953572571278, 'train__f_loss': 0.5362237095832825}
[2020-12-04 04:13:41] [Train] Report @step: 0.57 {'train__g_0_cls': 0.5285983681678772, 'train__g_0_inner': -0.01913188211619854, 'train__g_loss': 0.5094664692878723, 'train__f_loss_cls': 0.5976043939590454, 'train__f_loss_indep_g_0': 0.01956690289080143, 'train__f_loss_indep': 0.01956690289080143, 'train__f_loss': 0.6171712875366211}
[2020-12-04 04:13:45] [Train] Report @step: 0.59 {'train__g_0_cls': 0.39804553985595703, 'train__g_0_inner': -0.010484549216926098, 'train__g_loss': 0.38756099343299866, 'train__f_loss_cls': 0.3886171877384186, 'train__f_loss_indep_g_0': 0.010611901059746742, 'train__f_loss_indep': 0.010611901059746742, 'train__f_loss': 0.3992290794849396}
[2020-12-04 04:13:50] [Train] Report @step: 0.62 {'train__g_0_cls': 0.6293796896934509, 'train__g_0_inner': -0.00608062744140625, 'train__g_loss': 0.6232990622520447, 'train__f_loss_cls': 0.5521461367607117, 'train__f_loss_indep_g_0': 0.006175848189741373, 'train__f_loss_indep': 0.006175848189741373, 'train__f_loss': 0.558322012424469}
[2020-12-04 04:13:55] [Train] Report @step: 0.64 {'train__g_0_cls': 0.6771631836891174, 'train__g_0_inner': -0.008693475276231766, 'train__g_loss': 0.6684697270393372, 'train__f_loss_cls': 0.606868326663971, 'train__f_loss_indep_g_0': 0.008172769099473953, 'train__f_loss_indep': 0.008172769099473953, 'train__f_loss': 0.6150410771369934}
[2020-12-04 04:14:00] [Train] Report @step: 0.67 {'train__g_0_cls': 0.7223528027534485, 'train__g_0_inner': -0.011877354234457016, 'train__g_loss': 0.7104754447937012, 'train__f_loss_cls': 0.6680957078933716, 'train__f_loss_indep_g_0': 0.012268506921827793, 'train__f_loss_indep': 0.012268506921827793, 'train__f_loss': 0.680364191532135}
[2020-12-04 04:14:04] [Train] Report @step: 0.69 {'train__g_0_cls': 0.4042394459247589, 'train__g_0_inner': -0.02077484130859375, 'train__g_loss': 0.38346460461616516, 'train__f_loss_cls': 0.40206602215766907, 'train__f_loss_indep_g_0': 0.021507851779460907, 'train__f_loss_indep': 0.021507851779460907, 'train__f_loss': 0.42357388138771057}
[2020-12-04 04:14:09] [Train] Report @step: 0.72 {'train__g_0_cls': 0.7584025859832764, 'train__g_0_inner': -0.004989404231309891, 'train__g_loss': 0.753413200378418, 'train__f_loss_cls': 0.7468932867050171, 'train__f_loss_indep_g_0': 0.005057848524302244, 'train__f_loss_indep': 0.005057848524302244, 'train__f_loss': 0.7519511580467224}
[2020-12-04 04:14:14] [Train] Report @step: 0.74 {'train__g_0_cls': 0.49036964774131775, 'train__g_0_inner': -0.012166537344455719, 'train__g_loss': 0.4782031178474426, 'train__f_loss_cls': 0.5944802761077881, 'train__f_loss_indep_g_0': 0.01218905858695507, 'train__f_loss_indep': 0.01218905858695507, 'train__f_loss': 0.6066693067550659}
[2020-12-04 04:14:18] [Train] Report @step: 0.77 {'train__g_0_cls': 0.6995562314987183, 'train__g_0_inner': -0.004997180309146643, 'train__g_loss': 0.6945590376853943, 'train__f_loss_cls': 0.7050954103469849, 'train__f_loss_indep_g_0': 0.0056255050003528595, 'train__f_loss_indep': 0.0056255050003528595, 'train__f_loss': 0.7107208967208862}
[2020-12-04 04:14:23] [Train] Report @step: 0.79 {'train__g_0_cls': 0.4497412145137787, 'train__g_0_inner': -0.02656298503279686, 'train__g_loss': 0.42317822575569153, 'train__f_loss_cls': 0.39452889561653137, 'train__f_loss_indep_g_0': 0.024382079020142555, 'train__f_loss_indep': 0.024382079020142555, 'train__f_loss': 0.4189109802246094}
[2020-12-04 04:14:28] [Train] Report @step: 0.82 {'train__g_0_cls': 0.7132217884063721, 'train__g_0_inner': -0.029097117483615875, 'train__g_loss': 0.6841246485710144, 'train__f_loss_cls': 0.8250709772109985, 'train__f_loss_indep_g_0': 0.02773512341082096, 'train__f_loss_indep': 0.02773512341082096, 'train__f_loss': 0.8528060913085938}
[2020-12-04 04:14:32] [Train] Report @step: 0.84 {'train__g_0_cls': 0.755641758441925, 'train__g_0_inner': -0.005269637797027826, 'train__g_loss': 0.7503721117973328, 'train__f_loss_cls': 0.6714048385620117, 'train__f_loss_indep_g_0': 0.005948580335825682, 'train__f_loss_indep': 0.005948580335825682, 'train__f_loss': 0.6773534417152405}
[2020-12-04 04:14:37] [Train] Report @step: 0.87 {'train__g_0_cls': 0.5431193709373474, 'train__g_0_inner': -0.009927896782755852, 'train__g_loss': 0.5331915020942688, 'train__f_loss_cls': 0.49339354038238525, 'train__f_loss_indep_g_0': 0.01008231844753027, 'train__f_loss_indep': 0.01008231844753027, 'train__f_loss': 0.5034758448600769}
[2020-12-04 04:14:42] [Train] Report @step: 0.89 {'train__g_0_cls': 0.41439706087112427, 'train__g_0_inner': -0.0026697013527154922, 'train__g_loss': 0.4117273688316345, 'train__f_loss_cls': 0.4075107276439667, 'train__f_loss_indep_g_0': 0.0034936026204377413, 'train__f_loss_indep': 0.0034936026204377413, 'train__f_loss': 0.41100433468818665}
[2020-12-04 04:14:47] [Train] Report @step: 0.92 {'train__g_0_cls': 0.7031534910202026, 'train__g_0_inner': -0.004832267761230469, 'train__g_loss': 0.6983212232589722, 'train__f_loss_cls': 0.7572499513626099, 'train__f_loss_indep_g_0': 0.004469724837690592, 'train__f_loss_indep': 0.004469724837690592, 'train__f_loss': 0.7617197036743164}
[2020-12-04 04:14:51] [Train] Report @step: 0.94 {'train__g_0_cls': 0.7441062927246094, 'train__g_0_inner': -0.008300341665744781, 'train__g_loss': 0.7358059287071228, 'train__f_loss_cls': 0.7590444087982178, 'train__f_loss_indep_g_0': 0.007955844514071941, 'train__f_loss_indep': 0.007955844514071941, 'train__f_loss': 0.7670002579689026}
[2020-12-04 04:14:56] [Train] Report @step: 0.97 {'train__g_0_cls': 0.7801288962364197, 'train__g_0_inner': -0.010726562701165676, 'train__g_loss': 0.7694023251533508, 'train__f_loss_cls': 0.7361606359481812, 'train__f_loss_indep_g_0': 0.010868879966437817, 'train__f_loss_indep': 0.010868879966437817, 'train__f_loss': 0.7470295429229736}
[2020-12-04 04:15:01] [Train] Report @step: 0.99 {'train__g_0_cls': 0.7312838435173035, 'train__g_0_inner': -0.006353818811476231, 'train__g_loss': 0.7249300479888916, 'train__f_loss_cls': 0.6151127219200134, 'train__f_loss_indep_g_0': 0.005312772933393717, 'train__f_loss_indep': 0.005312772933393717, 'train__f_loss': 0.6204255223274231}
/home/stud101/.local/lib/python3.6/site-packages/torch/optim/lr_scheduler.py:509: UserWarning: To get the last learning rate computed by the scheduler, please use `get_last_lr()`.
  "please use `get_last_lr()`.", UserWarning)
[2020-12-04 04:15:02] F learning rate: [0.0009996573543321003], G learning rate: [0.0009996573543321003]
[2020-12-04 04:16:04] [Validation] Report @step: 1.00 {'val__biased_f_acc': 0.0, 'val__biased_g_0_acc': 0.0, 'val__biased_outer_0_loss': nan, 'val__biased_inner_0_loss': nan}
[2020-12-04 04:16:04] [Validation] Report @step: 1.00 {'val__unbiased_f_acc': 0.0, 'val__unbiased_g_0_acc': 0.0, 'val__unbiased_outer_0_loss': nan, 'val__unbiased_inner_0_loss': nan}
[2020-12-04 04:16:04] [Validation] Report @step: 1.00 {'val__imagenet-a_f_acc': 0.10395584176632934, 'val__imagenet-a_g_0_acc': 0.10395584176632934, 'val__imagenet-a_outer_0_loss': nan, 'val__imagenet-a_inner_0_loss': nan}
[2020-12-04 04:16:06] state dict is saved to ./checkpoints/last.pth, metadata: {'cur_epoch': 1, 'best_acc': 0, 'scores': {'biased': {'f_acc': 0.0, 'g_0_acc': 0.0, 'outer_0_loss': nan, 'inner_0_loss': nan}, 'unbiased': {'f_acc': 0.0, 'g_0_acc': 0.0, 'outer_0_loss': nan, 'inner_0_loss': nan}, 'imagenet-a': {'f_acc': 0.10395584176632934, 'g_0_acc': 0.10395584176632934, 'outer_0_loss': nan, 'inner_0_loss': nan}}}
[2020-12-04 04:16:06] sigma update
[2020-12-04 04:16:06] computing sigma from data median
{'biased': {'f_acc': 0.0, 'g_0_acc': 0.0, 'outer_0_loss': nan, 'inner_0_loss': nan}, 'unbiased': {'f_acc': 0.0, 'g_0_acc': 0.0, 'outer_0_loss': nan, 'inner_0_loss': nan}, 'imagenet-a': {'f_acc': 0.10395584176632934, 'g_0_acc': 0.10395584176632934, 'outer_0_loss': nan, 'inner_0_loss': nan}}
/usr/lib64/python3.6/site-packages/numpy/lib/function_base.py:4033: RuntimeWarning: Invalid value encountered in median
  r = func(a, **kwargs)
[2020-12-04 04:16:27] current sigma: (nan) * 1 (nan) * 1
[2020-12-04 04:16:27] [Validation] Report @step: 1.00 {'sigma__f': nan, 'sigma__g': nan}
[2020-12-04 04:16:32] [Train] Report @step: 1.02 {'train__g_0_cls': nan, 'train__g_0_inner': nan, 'train__g_loss': nan, 'train__f_loss_cls': nan, 'train__f_loss_indep_g_0': nan, 'train__f_loss_indep': nan, 'train__f_loss': nan}
[2020-12-04 04:16:37] [Train] Report @step: 1.05 {'train__g_0_cls': nan, 'train__g_0_inner': nan, 'train__g_loss': nan, 'train__f_loss_cls': nan, 'train__f_loss_indep_g_0': nan, 'train__f_loss_indep': nan, 'train__f_loss': nan}
[2020-12-04 04:16:41] [Train] Report @step: 1.07 {'train__g_0_cls': nan, 'train__g_0_inner': nan, 'train__g_loss': nan, 'train__f_loss_cls': nan, 'train__f_loss_indep_g_0': nan, 'train__f_loss_indep': nan, 'train__f_loss': nan}
[2020-12-04 04:16:46] [Train] Report @step: 1.10 {'train__g_0_cls': nan, 'train__g_0_inner': nan, 'train__g_loss': nan, 'train__f_loss_cls': nan, 'train__f_loss_indep_g_0': nan, 'train__f_loss_indep': nan, 'train__f_loss': nan}
[2020-12-04 04:16:51] [Train] Report @step: 1.12 {'train__g_0_cls': nan, 'train__g_0_inner': nan, 'train__g_loss': nan, 'train__f_loss_cls': nan, 'train__f_loss_indep_g_0': nan, 'train__f_loss_indep': nan, 'train__f_loss': nan}
[2020-12-04 04:16:56] [Train] Report @step: 1.15 {'train__g_0_cls': nan, 'train__g_0_inner': nan, 'train__g_loss': nan, 'train__f_loss_cls': nan, 'train__f_loss_indep_g_0': nan, 'train__f_loss_indep': nan, 'train__f_loss': nan}
[2020-12-04 04:17:01] [Train] Report @step: 1.17 {'train__g_0_cls': nan, 'train__g_0_inner': nan, 'train__g_loss': nan, 'train__f_loss_cls': nan, 'train__f_loss_indep_g_0': nan, 'train__f_loss_indep': nan, 'train__f_loss': nan}
[2020-12-04 04:17:06] [Train] Report @step: 1.20 {'train__g_0_cls': nan, 'train__g_0_inner': nan, 'train__g_loss': nan, 'train__f_loss_cls': nan, 'train__f_loss_indep_g_0': nan, 'train__f_loss_indep': nan, 'train__f_loss': nan}
[2020-12-04 04:17:10] [Train] Report @step: 1.22 {'train__g_0_cls': nan, 'train__g_0_inner': nan, 'train__g_loss': nan, 'train__f_loss_cls': nan, 'train__f_loss_indep_g_0': nan, 'train__f_loss_indep': nan, 'train__f_loss': nan}
[2020-12-04 04:17:15] [Train] Report @step: 1.25 {'train__g_0_cls': nan, 'train__g_0_inner': nan, 'train__g_loss': nan, 'train__f_loss_cls': nan, 'train__f_loss_indep_g_0': nan, 'train__f_loss_indep': nan, 'train__f_loss': nan}
[2020-12-04 04:17:20] [Train] Report @step: 1.27 {'train__g_0_cls': nan, 'train__g_0_inner': nan, 'train__g_loss': nan, 'train__f_loss_cls': nan, 'train__f_loss_indep_g_0': nan, 'train__f_loss_indep': nan, 'train__f_loss': nan}
[2020-12-04 04:17:25] [Train] Report @step: 1.30 {'train__g_0_cls': nan, 'train__g_0_inner': nan, 'train__g_loss': nan, 'train__f_loss_cls': nan, 'train__f_loss_indep_g_0': nan, 'train__f_loss_indep': nan, 'train__f_loss': nan}
[2020-12-04 04:17:30] [Train] Report @step: 1.32 {'train__g_0_cls': nan, 'train__g_0_inner': nan, 'train__g_loss': nan, 'train__f_loss_cls': nan, 'train__f_loss_indep_g_0': nan, 'train__f_loss_indep': nan, 'train__f_loss': nan}
[2020-12-04 04:17:34] [Train] Report @step: 1.34 {'train__g_0_cls': nan, 'train__g_0_inner': nan, 'train__g_loss': nan, 'train__f_loss_cls': nan, 'train__f_loss_indep_g_0': nan, 'train__f_loss_indep': nan, 'train__f_loss': nan}
[2020-12-04 04:17:39] [Train] Report @step: 1.37 {'train__g_0_cls': nan, 'train__g_0_inner': nan, 'train__g_loss': nan, 'train__f_loss_cls': nan, 'train__f_loss_indep_g_0': nan, 'train__f_loss_indep': nan, 'train__f_loss': nan}
[2020-12-04 04:17:44] [Train] Report @step: 1.39 {'train__g_0_cls': nan, 'train__g_0_inner': nan, 'train__g_loss': nan, 'train__f_loss_cls': nan, 'train__f_loss_indep_g_0': nan, 'train__f_loss_indep': nan, 'train__f_loss': nan}
[2020-12-04 04:17:49] [Train] Report @step: 1.42 {'train__g_0_cls': nan, 'train__g_0_inner': nan, 'train__g_loss': nan, 'train__f_loss_cls': nan, 'train__f_loss_indep_g_0': nan, 'train__f_loss_indep': nan, 'train__f_loss': nan}
[2020-12-04 04:17:54] [Train] Report @step: 1.44 {'train__g_0_cls': nan, 'train__g_0_inner': nan, 'train__g_loss': nan, 'train__f_loss_cls': nan, 'train__f_loss_indep_g_0': nan, 'train__f_loss_indep': nan, 'train__f_loss': nan}
[2020-12-04 04:17:59] [Train] Report @step: 1.47 {'train__g_0_cls': nan, 'train__g_0_inner': nan, 'train__g_loss': nan, 'train__f_loss_cls': nan, 'train__f_loss_indep_g_0': nan, 'train__f_loss_indep': nan, 'train__f_loss': nan}
[2020-12-04 04:18:03] [Train] Report @step: 1.49 {'train__g_0_cls': nan, 'train__g_0_inner': nan, 'train__g_loss': nan, 'train__f_loss_cls': nan, 'train__f_loss_indep_g_0': nan, 'train__f_loss_indep': nan, 'train__f_loss': nan}
[2020-12-04 04:18:08] [Train] Report @step: 1.52 {'train__g_0_cls': nan, 'train__g_0_inner': nan, 'train__g_loss': nan, 'train__f_loss_cls': nan, 'train__f_loss_indep_g_0': nan, 'train__f_loss_indep': nan, 'train__f_loss': nan}
[2020-12-04 04:18:13] [Train] Report @step: 1.54 {'train__g_0_cls': nan, 'train__g_0_inner': nan, 'train__g_loss': nan, 'train__f_loss_cls': nan, 'train__f_loss_indep_g_0': nan, 'train__f_loss_indep': nan, 'train__f_loss': nan}
[2020-12-04 04:18:18] [Train] Report @step: 1.57 {'train__g_0_cls': nan, 'train__g_0_inner': nan, 'train__g_loss': nan, 'train__f_loss_cls': nan, 'train__f_loss_indep_g_0': nan, 'train__f_loss_indep': nan, 'train__f_loss': nan}
[2020-12-04 04:18:23] [Train] Report @step: 1.59 {'train__g_0_cls': nan, 'train__g_0_inner': nan, 'train__g_loss': nan, 'train__f_loss_cls': nan, 'train__f_loss_indep_g_0': nan, 'train__f_loss_indep': nan, 'train__f_loss': nan}
[2020-12-04 04:18:28] [Train] Report @step: 1.62 {'train__g_0_cls': nan, 'train__g_0_inner': nan, 'train__g_loss': nan, 'train__f_loss_cls': nan, 'train__f_loss_indep_g_0': nan, 'train__f_loss_indep': nan, 'train__f_loss': nan}
[2020-12-04 04:18:33] [Train] Report @step: 1.64 {'train__g_0_cls': nan, 'train__g_0_inner': nan, 'train__g_loss': nan, 'train__f_loss_cls': nan, 'train__f_loss_indep_g_0': nan, 'train__f_loss_indep': nan, 'train__f_loss': nan}
[2020-12-04 04:18:38] [Train] Report @step: 1.67 {'train__g_0_cls': nan, 'train__g_0_inner': nan, 'train__g_loss': nan, 'train__f_loss_cls': nan, 'train__f_loss_indep_g_0': nan, 'train__f_loss_indep': nan, 'train__f_loss': nan}
[2020-12-04 04:18:42] [Train] Report @step: 1.69 {'train__g_0_cls': nan, 'train__g_0_inner': nan, 'train__g_loss': nan, 'train__f_loss_cls': nan, 'train__f_loss_indep_g_0': nan, 'train__f_loss_indep': nan, 'train__f_loss': nan}
[2020-12-04 04:18:47] [Train] Report @step: 1.72 {'train__g_0_cls': nan, 'train__g_0_inner': nan, 'train__g_loss': nan, 'train__f_loss_cls': nan, 'train__f_loss_indep_g_0': nan, 'train__f_loss_indep': nan, 'train__f_loss': nan}
[2020-12-04 04:18:52] [Train] Report @step: 1.74 {'train__g_0_cls': nan, 'train__g_0_inner': nan, 'train__g_loss': nan, 'train__f_loss_cls': nan, 'train__f_loss_indep_g_0': nan, 'train__f_loss_indep': nan, 'train__f_loss': nan}
[2020-12-04 04:18:57] [Train] Report @step: 1.77 {'train__g_0_cls': nan, 'train__g_0_inner': nan, 'train__g_loss': nan, 'train__f_loss_cls': nan, 'train__f_loss_indep_g_0': nan, 'train__f_loss_indep': nan, 'train__f_loss': nan}
[2020-12-04 04:19:02] [Train] Report @step: 1.79 {'train__g_0_cls': nan, 'train__g_0_inner': nan, 'train__g_loss': nan, 'train__f_loss_cls': nan, 'train__f_loss_indep_g_0': nan, 'train__f_loss_indep': nan, 'train__f_loss': nan}
[2020-12-04 04:19:07] [Train] Report @step: 1.82 {'train__g_0_cls': nan, 'train__g_0_inner': nan, 'train__g_loss': nan, 'train__f_loss_cls': nan, 'train__f_loss_indep_g_0': nan, 'train__f_loss_indep': nan, 'train__f_loss': nan}
[2020-12-04 04:19:12] [Train] Report @step: 1.84 {'train__g_0_cls': nan, 'train__g_0_inner': nan, 'train__g_loss': nan, 'train__f_loss_cls': nan, 'train__f_loss_indep_g_0': nan, 'train__f_loss_indep': nan, 'train__f_loss': nan}
[2020-12-04 04:19:17] [Train] Report @step: 1.87 {'train__g_0_cls': nan, 'train__g_0_inner': nan, 'train__g_loss': nan, 'train__f_loss_cls': nan, 'train__f_loss_indep_g_0': nan, 'train__f_loss_indep': nan, 'train__f_loss': nan}
[2020-12-04 04:19:22] [Train] Report @step: 1.89 {'train__g_0_cls': nan, 'train__g_0_inner': nan, 'train__g_loss': nan, 'train__f_loss_cls': nan, 'train__f_loss_indep_g_0': nan, 'train__f_loss_indep': nan, 'train__f_loss': nan}
[2020-12-04 04:19:26] [Train] Report @step: 1.92 {'train__g_0_cls': nan, 'train__g_0_inner': nan, 'train__g_loss': nan, 'train__f_loss_cls': nan, 'train__f_loss_indep_g_0': nan, 'train__f_loss_indep': nan, 'train__f_loss': nan}
[2020-12-04 04:19:31] [Train] Report @step: 1.94 {'train__g_0_cls': nan, 'train__g_0_inner': nan, 'train__g_loss': nan, 'train__f_loss_cls': nan, 'train__f_loss_indep_g_0': nan, 'train__f_loss_indep': nan, 'train__f_loss': nan}
[2020-12-04 04:19:36] [Train] Report @step: 1.97 {'train__g_0_cls': nan, 'train__g_0_inner': nan, 'train__g_loss': nan, 'train__f_loss_cls': nan, 'train__f_loss_indep_g_0': nan, 'train__f_loss_indep': nan, 'train__f_loss': nan}
[2020-12-04 04:19:41] [Train] Report @step: 1.99 {'train__g_0_cls': nan, 'train__g_0_inner': nan, 'train__g_loss': nan, 'train__f_loss_cls': nan, 'train__f_loss_indep_g_0': nan, 'train__f_loss_indep': nan, 'train__f_loss': nan}
[2020-12-04 04:19:42] F learning rate: [0.0009988011364002356], G learning rate: [0.0009988011364002356]
[2020-12-04 04:20:36] [Validation] Report @step: 2.00 {'val__biased_f_acc': 0.0, 'val__biased_g_0_acc': 0.0, 'val__biased_outer_0_loss': nan, 'val__biased_inner_0_loss': nan}
[2020-12-04 04:20:36] [Validation] Report @step: 2.00 {'val__unbiased_f_acc': 0.0, 'val__unbiased_g_0_acc': 0.0, 'val__unbiased_outer_0_loss': nan, 'val__unbiased_inner_0_loss': nan}
[2020-12-04 04:20:36] [Validation] Report @step: 2.00 {'val__imagenet-a_f_acc': 0.10395584176632934, 'val__imagenet-a_g_0_acc': 0.10395584176632934, 'val__imagenet-a_outer_0_loss': nan, 'val__imagenet-a_inner_0_loss': nan}
[2020-12-04 04:20:38] state dict is saved to ./checkpoints/last.pth, metadata: {'cur_epoch': 2, 'best_acc': 0, 'scores': {'biased': {'f_acc': 0.0, 'g_0_acc': 0.0, 'outer_0_loss': nan, 'inner_0_loss': nan}, 'unbiased': {'f_acc': 0.0, 'g_0_acc': 0.0, 'outer_0_loss': nan, 'inner_0_loss': nan}, 'imagenet-a': {'f_acc': 0.10395584176632934, 'g_0_acc': 0.10395584176632934, 'outer_0_loss': nan, 'inner_0_loss': nan}}}
[2020-12-04 04:20:38] sigma update
[2020-12-04 04:20:38] computing sigma from data median
{'biased': {'f_acc': 0.0, 'g_0_acc': 0.0, 'outer_0_loss': nan, 'inner_0_loss': nan}, 'unbiased': {'f_acc': 0.0, 'g_0_acc': 0.0, 'outer_0_loss': nan, 'inner_0_loss': nan}, 'imagenet-a': {'f_acc': 0.10395584176632934, 'g_0_acc': 0.10395584176632934, 'outer_0_loss': nan, 'inner_0_loss': nan}}
[2020-12-04 04:20:59] current sigma: (nan) * 1 (nan) * 1
[2020-12-04 04:20:59] [Validation] Report @step: 2.00 {'sigma__f': nan, 'sigma__g': nan}
[2020-12-04 04:21:04] [Train] Report @step: 2.02 {'train__g_0_cls': nan, 'train__g_0_inner': nan, 'train__g_loss': nan, 'train__f_loss_cls': nan, 'train__f_loss_indep_g_0': nan, 'train__f_loss_indep': nan, 'train__f_loss': nan}
[2020-12-04 04:21:09] [Train] Report @step: 2.05 {'train__g_0_cls': nan, 'train__g_0_inner': nan, 'train__g_loss': nan, 'train__f_loss_cls': nan, 'train__f_loss_indep_g_0': nan, 'train__f_loss_indep': nan, 'train__f_loss': nan}
[2020-12-04 04:21:14] [Train] Report @step: 2.07 {'train__g_0_cls': nan, 'train__g_0_inner': nan, 'train__g_loss': nan, 'train__f_loss_cls': nan, 'train__f_loss_indep_g_0': nan, 'train__f_loss_indep': nan, 'train__f_loss': nan}
[2020-12-04 04:21:19] [Train] Report @step: 2.10 {'train__g_0_cls': nan, 'train__g_0_inner': nan, 'train__g_loss': nan, 'train__f_loss_cls': nan, 'train__f_loss_indep_g_0': nan, 'train__f_loss_indep': nan, 'train__f_loss': nan}
[2020-12-04 04:21:23] [Train] Report @step: 2.12 {'train__g_0_cls': nan, 'train__g_0_inner': nan, 'train__g_loss': nan, 'train__f_loss_cls': nan, 'train__f_loss_indep_g_0': nan, 'train__f_loss_indep': nan, 'train__f_loss': nan}
[2020-12-04 04:21:28] [Train] Report @step: 2.15 {'train__g_0_cls': nan, 'train__g_0_inner': nan, 'train__g_loss': nan, 'train__f_loss_cls': nan, 'train__f_loss_indep_g_0': nan, 'train__f_loss_indep': nan, 'train__f_loss': nan}
[2020-12-04 04:21:33] [Train] Report @step: 2.17 {'train__g_0_cls': nan, 'train__g_0_inner': nan, 'train__g_loss': nan, 'train__f_loss_cls': nan, 'train__f_loss_indep_g_0': nan, 'train__f_loss_indep': nan, 'train__f_loss': nan}
[2020-12-04 04:21:38] [Train] Report @step: 2.20 {'train__g_0_cls': nan, 'train__g_0_inner': nan, 'train__g_loss': nan, 'train__f_loss_cls': nan, 'train__f_loss_indep_g_0': nan, 'train__f_loss_indep': nan, 'train__f_loss': nan}
[2020-12-04 04:21:43] [Train] Report @step: 2.22 {'train__g_0_cls': nan, 'train__g_0_inner': nan, 'train__g_loss': nan, 'train__f_loss_cls': nan, 'train__f_loss_indep_g_0': nan, 'train__f_loss_indep': nan, 'train__f_loss': nan}
[2020-12-04 04:21:47] [Train] Report @step: 2.25 {'train__g_0_cls': nan, 'train__g_0_inner': nan, 'train__g_loss': nan, 'train__f_loss_cls': nan, 'train__f_loss_indep_g_0': nan, 'train__f_loss_indep': nan, 'train__f_loss': nan}
[2020-12-04 04:21:52] [Train] Report @step: 2.27 {'train__g_0_cls': nan, 'train__g_0_inner': nan, 'train__g_loss': nan, 'train__f_loss_cls': nan, 'train__f_loss_indep_g_0': nan, 'train__f_loss_indep': nan, 'train__f_loss': nan}
[2020-12-04 04:21:57] [Train] Report @step: 2.30 {'train__g_0_cls': nan, 'train__g_0_inner': nan, 'train__g_loss': nan, 'train__f_loss_cls': nan, 'train__f_loss_indep_g_0': nan, 'train__f_loss_indep': nan, 'train__f_loss': nan}
[2020-12-04 04:22:02] [Train] Report @step: 2.32 {'train__g_0_cls': nan, 'train__g_0_inner': nan, 'train__g_loss': nan, 'train__f_loss_cls': nan, 'train__f_loss_indep_g_0': nan, 'train__f_loss_indep': nan, 'train__f_loss': nan}
[2020-12-04 04:22:07] [Train] Report @step: 2.34 {'train__g_0_cls': nan, 'train__g_0_inner': nan, 'train__g_loss': nan, 'train__f_loss_cls': nan, 'train__f_loss_indep_g_0': nan, 'train__f_loss_indep': nan, 'train__f_loss': nan}
[2020-12-04 04:22:12] [Train] Report @step: 2.37 {'train__g_0_cls': nan, 'train__g_0_inner': nan, 'train__g_loss': nan, 'train__f_loss_cls': nan, 'train__f_loss_indep_g_0': nan, 'train__f_loss_indep': nan, 'train__f_loss': nan}
[2020-12-04 04:22:16] [Train] Report @step: 2.39 {'train__g_0_cls': nan, 'train__g_0_inner': nan, 'train__g_loss': nan, 'train__f_loss_cls': nan, 'train__f_loss_indep_g_0': nan, 'train__f_loss_indep': nan, 'train__f_loss': nan}
[2020-12-04 04:22:21] [Train] Report @step: 2.42 {'train__g_0_cls': nan, 'train__g_0_inner': nan, 'train__g_loss': nan, 'train__f_loss_cls': nan, 'train__f_loss_indep_g_0': nan, 'train__f_loss_indep': nan, 'train__f_loss': nan}
[2020-12-04 04:22:26] [Train] Report @step: 2.44 {'train__g_0_cls': nan, 'train__g_0_inner': nan, 'train__g_loss': nan, 'train__f_loss_cls': nan, 'train__f_loss_indep_g_0': nan, 'train__f_loss_indep': nan, 'train__f_loss': nan}
[2020-12-04 04:22:31] [Train] Report @step: 2.47 {'train__g_0_cls': nan, 'train__g_0_inner': nan, 'train__g_loss': nan, 'train__f_loss_cls': nan, 'train__f_loss_indep_g_0': nan, 'train__f_loss_indep': nan, 'train__f_loss': nan}
[2020-12-04 04:22:36] [Train] Report @step: 2.49 {'train__g_0_cls': nan, 'train__g_0_inner': nan, 'train__g_loss': nan, 'train__f_loss_cls': nan, 'train__f_loss_indep_g_0': nan, 'train__f_loss_indep': nan, 'train__f_loss': nan}
[2020-12-04 04:22:41] [Train] Report @step: 2.52 {'train__g_0_cls': nan, 'train__g_0_inner': nan, 'train__g_loss': nan, 'train__f_loss_cls': nan, 'train__f_loss_indep_g_0': nan, 'train__f_loss_indep': nan, 'train__f_loss': nan}
[2020-12-04 04:22:46] [Train] Report @step: 2.54 {'train__g_0_cls': nan, 'train__g_0_inner': nan, 'train__g_loss': nan, 'train__f_loss_cls': nan, 'train__f_loss_indep_g_0': nan, 'train__f_loss_indep': nan, 'train__f_loss': nan}
[2020-12-04 04:22:51] [Train] Report @step: 2.57 {'train__g_0_cls': nan, 'train__g_0_inner': nan, 'train__g_loss': nan, 'train__f_loss_cls': nan, 'train__f_loss_indep_g_0': nan, 'train__f_loss_indep': nan, 'train__f_loss': nan}
[2020-12-04 04:22:56] [Train] Report @step: 2.59 {'train__g_0_cls': nan, 'train__g_0_inner': nan, 'train__g_loss': nan, 'train__f_loss_cls': nan, 'train__f_loss_indep_g_0': nan, 'train__f_loss_indep': nan, 'train__f_loss': nan}
[2020-12-04 04:23:00] [Train] Report @step: 2.62 {'train__g_0_cls': nan, 'train__g_0_inner': nan, 'train__g_loss': nan, 'train__f_loss_cls': nan, 'train__f_loss_indep_g_0': nan, 'train__f_loss_indep': nan, 'train__f_loss': nan}
[2020-12-04 04:23:05] [Train] Report @step: 2.64 {'train__g_0_cls': nan, 'train__g_0_inner': nan, 'train__g_loss': nan, 'train__f_loss_cls': nan, 'train__f_loss_indep_g_0': nan, 'train__f_loss_indep': nan, 'train__f_loss': nan}
[2020-12-04 04:23:10] [Train] Report @step: 2.67 {'train__g_0_cls': nan, 'train__g_0_inner': nan, 'train__g_loss': nan, 'train__f_loss_cls': nan, 'train__f_loss_indep_g_0': nan, 'train__f_loss_indep': nan, 'train__f_loss': nan}
[2020-12-04 04:23:15] [Train] Report @step: 2.69 {'train__g_0_cls': nan, 'train__g_0_inner': nan, 'train__g_loss': nan, 'train__f_loss_cls': nan, 'train__f_loss_indep_g_0': nan, 'train__f_loss_indep': nan, 'train__f_loss': nan}
[2020-12-04 04:23:20] [Train] Report @step: 2.72 {'train__g_0_cls': nan, 'train__g_0_inner': nan, 'train__g_loss': nan, 'train__f_loss_cls': nan, 'train__f_loss_indep_g_0': nan, 'train__f_loss_indep': nan, 'train__f_loss': nan}
[2020-12-04 04:23:25] [Train] Report @step: 2.74 {'train__g_0_cls': nan, 'train__g_0_inner': nan, 'train__g_loss': nan, 'train__f_loss_cls': nan, 'train__f_loss_indep_g_0': nan, 'train__f_loss_indep': nan, 'train__f_loss': nan}
[2020-12-04 04:23:30] [Train] Report @step: 2.77 {'train__g_0_cls': nan, 'train__g_0_inner': nan, 'train__g_loss': nan, 'train__f_loss_cls': nan, 'train__f_loss_indep_g_0': nan, 'train__f_loss_indep': nan, 'train__f_loss': nan}
[2020-12-04 04:23:35] [Train] Report @step: 2.79 {'train__g_0_cls': nan, 'train__g_0_inner': nan, 'train__g_loss': nan, 'train__f_loss_cls': nan, 'train__f_loss_indep_g_0': nan, 'train__f_loss_indep': nan, 'train__f_loss': nan}
[2020-12-04 04:23:39] [Train] Report @step: 2.82 {'train__g_0_cls': nan, 'train__g_0_inner': nan, 'train__g_loss': nan, 'train__f_loss_cls': nan, 'train__f_loss_indep_g_0': nan, 'train__f_loss_indep': nan, 'train__f_loss': nan}
[2020-12-04 04:23:44] [Train] Report @step: 2.84 {'train__g_0_cls': nan, 'train__g_0_inner': nan, 'train__g_loss': nan, 'train__f_loss_cls': nan, 'train__f_loss_indep_g_0': nan, 'train__f_loss_indep': nan, 'train__f_loss': nan}
[2020-12-04 04:23:49] [Train] Report @step: 2.87 {'train__g_0_cls': nan, 'train__g_0_inner': nan, 'train__g_loss': nan, 'train__f_loss_cls': nan, 'train__f_loss_indep_g_0': nan, 'train__f_loss_indep': nan, 'train__f_loss': nan}
[2020-12-04 04:23:54] [Train] Report @step: 2.89 {'train__g_0_cls': nan, 'train__g_0_inner': nan, 'train__g_loss': nan, 'train__f_loss_cls': nan, 'train__f_loss_indep_g_0': nan, 'train__f_loss_indep': nan, 'train__f_loss': nan}
[2020-12-04 04:23:59] [Train] Report @step: 2.92 {'train__g_0_cls': nan, 'train__g_0_inner': nan, 'train__g_loss': nan, 'train__f_loss_cls': nan, 'train__f_loss_indep_g_0': nan, 'train__f_loss_indep': nan, 'train__f_loss': nan}
[2020-12-04 04:24:04] [Train] Report @step: 2.94 {'train__g_0_cls': nan, 'train__g_0_inner': nan, 'train__g_loss': nan, 'train__f_loss_cls': nan, 'train__f_loss_indep_g_0': nan, 'train__f_loss_indep': nan, 'train__f_loss': nan}
[2020-12-04 04:24:09] [Train] Report @step: 2.97 {'train__g_0_cls': nan, 'train__g_0_inner': nan, 'train__g_loss': nan, 'train__f_loss_cls': nan, 'train__f_loss_indep_g_0': nan, 'train__f_loss_indep': nan, 'train__f_loss': nan}
[2020-12-04 04:24:14] [Train] Report @step: 2.99 {'train__g_0_cls': nan, 'train__g_0_inner': nan, 'train__g_loss': nan, 'train__f_loss_cls': nan, 'train__f_loss_indep_g_0': nan, 'train__f_loss_indep': nan, 'train__f_loss': nan}
[2020-12-04 04:24:15] F learning rate: [0.0009976032997664826], G learning rate: [0.0009976032997664826]
[2020-12-04 04:25:09] [Validation] Report @step: 3.00 {'val__biased_f_acc': 0.0, 'val__biased_g_0_acc': 0.0, 'val__biased_outer_0_loss': nan, 'val__biased_inner_0_loss': nan}
[2020-12-04 04:25:09] [Validation] Report @step: 3.00 {'val__unbiased_f_acc': 0.0, 'val__unbiased_g_0_acc': 0.0, 'val__unbiased_outer_0_loss': nan, 'val__unbiased_inner_0_loss': nan}
[2020-12-04 04:25:09] [Validation] Report @step: 3.00 {'val__imagenet-a_f_acc': 0.10395584176632934, 'val__imagenet-a_g_0_acc': 0.10395584176632934, 'val__imagenet-a_outer_0_loss': nan, 'val__imagenet-a_inner_0_loss': nan}
[2020-12-04 04:25:11] state dict is saved to ./checkpoints/last.pth, metadata: {'cur_epoch': 3, 'best_acc': 0, 'scores': {'biased': {'f_acc': 0.0, 'g_0_acc': 0.0, 'outer_0_loss': nan, 'inner_0_loss': nan}, 'unbiased': {'f_acc': 0.0, 'g_0_acc': 0.0, 'outer_0_loss': nan, 'inner_0_loss': nan}, 'imagenet-a': {'f_acc': 0.10395584176632934, 'g_0_acc': 0.10395584176632934, 'outer_0_loss': nan, 'inner_0_loss': nan}}}
[2020-12-04 04:25:11] sigma update
[2020-12-04 04:25:11] computing sigma from data median
{'biased': {'f_acc': 0.0, 'g_0_acc': 0.0, 'outer_0_loss': nan, 'inner_0_loss': nan}, 'unbiased': {'f_acc': 0.0, 'g_0_acc': 0.0, 'outer_0_loss': nan, 'inner_0_loss': nan}, 'imagenet-a': {'f_acc': 0.10395584176632934, 'g_0_acc': 0.10395584176632934, 'outer_0_loss': nan, 'inner_0_loss': nan}}
[2020-12-04 04:25:31] current sigma: (nan) * 1 (nan) * 1
[2020-12-04 04:25:31] [Validation] Report @step: 3.00 {'sigma__f': nan, 'sigma__g': nan}
[2020-12-04 04:25:36] [Train] Report @step: 3.02 {'train__g_0_cls': nan, 'train__g_0_inner': nan, 'train__g_loss': nan, 'train__f_loss_cls': nan, 'train__f_loss_indep_g_0': nan, 'train__f_loss_indep': nan, 'train__f_loss': nan}
[2020-12-04 04:25:41] [Train] Report @step: 3.05 {'train__g_0_cls': nan, 'train__g_0_inner': nan, 'train__g_loss': nan, 'train__f_loss_cls': nan, 'train__f_loss_indep_g_0': nan, 'train__f_loss_indep': nan, 'train__f_loss': nan}
[2020-12-04 04:25:45] [Train] Report @step: 3.07 {'train__g_0_cls': nan, 'train__g_0_inner': nan, 'train__g_loss': nan, 'train__f_loss_cls': nan, 'train__f_loss_indep_g_0': nan, 'train__f_loss_indep': nan, 'train__f_loss': nan}
[2020-12-04 04:25:50] [Train] Report @step: 3.10 {'train__g_0_cls': nan, 'train__g_0_inner': nan, 'train__g_loss': nan, 'train__f_loss_cls': nan, 'train__f_loss_indep_g_0': nan, 'train__f_loss_indep': nan, 'train__f_loss': nan}
[2020-12-04 04:25:55] [Train] Report @step: 3.12 {'train__g_0_cls': nan, 'train__g_0_inner': nan, 'train__g_loss': nan, 'train__f_loss_cls': nan, 'train__f_loss_indep_g_0': nan, 'train__f_loss_indep': nan, 'train__f_loss': nan}
[2020-12-04 04:25:59] [Train] Report @step: 3.15 {'train__g_0_cls': nan, 'train__g_0_inner': nan, 'train__g_loss': nan, 'train__f_loss_cls': nan, 'train__f_loss_indep_g_0': nan, 'train__f_loss_indep': nan, 'train__f_loss': nan}
[2020-12-04 04:26:04] [Train] Report @step: 3.17 {'train__g_0_cls': nan, 'train__g_0_inner': nan, 'train__g_loss': nan, 'train__f_loss_cls': nan, 'train__f_loss_indep_g_0': nan, 'train__f_loss_indep': nan, 'train__f_loss': nan}
[2020-12-04 04:26:08] [Train] Report @step: 3.20 {'train__g_0_cls': nan, 'train__g_0_inner': nan, 'train__g_loss': nan, 'train__f_loss_cls': nan, 'train__f_loss_indep_g_0': nan, 'train__f_loss_indep': nan, 'train__f_loss': nan}
[2020-12-04 04:26:13] [Train] Report @step: 3.22 {'train__g_0_cls': nan, 'train__g_0_inner': nan, 'train__g_loss': nan, 'train__f_loss_cls': nan, 'train__f_loss_indep_g_0': nan, 'train__f_loss_indep': nan, 'train__f_loss': nan}
[2020-12-04 04:26:18] [Train] Report @step: 3.25 {'train__g_0_cls': nan, 'train__g_0_inner': nan, 'train__g_loss': nan, 'train__f_loss_cls': nan, 'train__f_loss_indep_g_0': nan, 'train__f_loss_indep': nan, 'train__f_loss': nan}
[2020-12-04 04:26:22] [Train] Report @step: 3.27 {'train__g_0_cls': nan, 'train__g_0_inner': nan, 'train__g_loss': nan, 'train__f_loss_cls': nan, 'train__f_loss_indep_g_0': nan, 'train__f_loss_indep': nan, 'train__f_loss': nan}
[2020-12-04 04:26:27] [Train] Report @step: 3.30 {'train__g_0_cls': nan, 'train__g_0_inner': nan, 'train__g_loss': nan, 'train__f_loss_cls': nan, 'train__f_loss_indep_g_0': nan, 'train__f_loss_indep': nan, 'train__f_loss': nan}
[2020-12-04 04:26:32] [Train] Report @step: 3.32 {'train__g_0_cls': nan, 'train__g_0_inner': nan, 'train__g_loss': nan, 'train__f_loss_cls': nan, 'train__f_loss_indep_g_0': nan, 'train__f_loss_indep': nan, 'train__f_loss': nan}
[2020-12-04 04:26:36] [Train] Report @step: 3.34 {'train__g_0_cls': nan, 'train__g_0_inner': nan, 'train__g_loss': nan, 'train__f_loss_cls': nan, 'train__f_loss_indep_g_0': nan, 'train__f_loss_indep': nan, 'train__f_loss': nan}
[2020-12-04 04:26:41] [Train] Report @step: 3.37 {'train__g_0_cls': nan, 'train__g_0_inner': nan, 'train__g_loss': nan, 'train__f_loss_cls': nan, 'train__f_loss_indep_g_0': nan, 'train__f_loss_indep': nan, 'train__f_loss': nan}
[2020-12-04 04:26:46] [Train] Report @step: 3.39 {'train__g_0_cls': nan, 'train__g_0_inner': nan, 'train__g_loss': nan, 'train__f_loss_cls': nan, 'train__f_loss_indep_g_0': nan, 'train__f_loss_indep': nan, 'train__f_loss': nan}
[2020-12-04 04:26:50] [Train] Report @step: 3.42 {'train__g_0_cls': nan, 'train__g_0_inner': nan, 'train__g_loss': nan, 'train__f_loss_cls': nan, 'train__f_loss_indep_g_0': nan, 'train__f_loss_indep': nan, 'train__f_loss': nan}
[2020-12-04 04:26:55] [Train] Report @step: 3.44 {'train__g_0_cls': nan, 'train__g_0_inner': nan, 'train__g_loss': nan, 'train__f_loss_cls': nan, 'train__f_loss_indep_g_0': nan, 'train__f_loss_indep': nan, 'train__f_loss': nan}
[2020-12-04 04:27:00] [Train] Report @step: 3.47 {'train__g_0_cls': nan, 'train__g_0_inner': nan, 'train__g_loss': nan, 'train__f_loss_cls': nan, 'train__f_loss_indep_g_0': nan, 'train__f_loss_indep': nan, 'train__f_loss': nan}
[2020-12-04 04:27:04] [Train] Report @step: 3.49 {'train__g_0_cls': nan, 'train__g_0_inner': nan, 'train__g_loss': nan, 'train__f_loss_cls': nan, 'train__f_loss_indep_g_0': nan, 'train__f_loss_indep': nan, 'train__f_loss': nan}
[2020-12-04 04:27:09] [Train] Report @step: 3.52 {'train__g_0_cls': nan, 'train__g_0_inner': nan, 'train__g_loss': nan, 'train__f_loss_cls': nan, 'train__f_loss_indep_g_0': nan, 'train__f_loss_indep': nan, 'train__f_loss': nan}
[2020-12-04 04:27:14] [Train] Report @step: 3.54 {'train__g_0_cls': nan, 'train__g_0_inner': nan, 'train__g_loss': nan, 'train__f_loss_cls': nan, 'train__f_loss_indep_g_0': nan, 'train__f_loss_indep': nan, 'train__f_loss': nan}
[2020-12-04 04:27:19] [Train] Report @step: 3.57 {'train__g_0_cls': nan, 'train__g_0_inner': nan, 'train__g_loss': nan, 'train__f_loss_cls': nan, 'train__f_loss_indep_g_0': nan, 'train__f_loss_indep': nan, 'train__f_loss': nan}
[2020-12-04 04:27:23] [Train] Report @step: 3.59 {'train__g_0_cls': nan, 'train__g_0_inner': nan, 'train__g_loss': nan, 'train__f_loss_cls': nan, 'train__f_loss_indep_g_0': nan, 'train__f_loss_indep': nan, 'train__f_loss': nan}
[2020-12-04 04:27:28] [Train] Report @step: 3.62 {'train__g_0_cls': nan, 'train__g_0_inner': nan, 'train__g_loss': nan, 'train__f_loss_cls': nan, 'train__f_loss_indep_g_0': nan, 'train__f_loss_indep': nan, 'train__f_loss': nan}
[2020-12-04 04:27:33] [Train] Report @step: 3.64 {'train__g_0_cls': nan, 'train__g_0_inner': nan, 'train__g_loss': nan, 'train__f_loss_cls': nan, 'train__f_loss_indep_g_0': nan, 'train__f_loss_indep': nan, 'train__f_loss': nan}
[2020-12-04 04:27:37] [Train] Report @step: 3.67 {'train__g_0_cls': nan, 'train__g_0_inner': nan, 'train__g_loss': nan, 'train__f_loss_cls': nan, 'train__f_loss_indep_g_0': nan, 'train__f_loss_indep': nan, 'train__f_loss': nan}
[2020-12-04 04:27:42] [Train] Report @step: 3.69 {'train__g_0_cls': nan, 'train__g_0_inner': nan, 'train__g_loss': nan, 'train__f_loss_cls': nan, 'train__f_loss_indep_g_0': nan, 'train__f_loss_indep': nan, 'train__f_loss': nan}
[2020-12-04 04:27:47] [Train] Report @step: 3.72 {'train__g_0_cls': nan, 'train__g_0_inner': nan, 'train__g_loss': nan, 'train__f_loss_cls': nan, 'train__f_loss_indep_g_0': nan, 'train__f_loss_indep': nan, 'train__f_loss': nan}
[2020-12-04 04:27:51] [Train] Report @step: 3.74 {'train__g_0_cls': nan, 'train__g_0_inner': nan, 'train__g_loss': nan, 'train__f_loss_cls': nan, 'train__f_loss_indep_g_0': nan, 'train__f_loss_indep': nan, 'train__f_loss': nan}
[2020-12-04 04:27:56] [Train] Report @step: 3.77 {'train__g_0_cls': nan, 'train__g_0_inner': nan, 'train__g_loss': nan, 'train__f_loss_cls': nan, 'train__f_loss_indep_g_0': nan, 'train__f_loss_indep': nan, 'train__f_loss': nan}
[2020-12-04 04:28:01] [Train] Report @step: 3.79 {'train__g_0_cls': nan, 'train__g_0_inner': nan, 'train__g_loss': nan, 'train__f_loss_cls': nan, 'train__f_loss_indep_g_0': nan, 'train__f_loss_indep': nan, 'train__f_loss': nan}
[2020-12-04 04:28:06] [Train] Report @step: 3.82 {'train__g_0_cls': nan, 'train__g_0_inner': nan, 'train__g_loss': nan, 'train__f_loss_cls': nan, 'train__f_loss_indep_g_0': nan, 'train__f_loss_indep': nan, 'train__f_loss': nan}
[2020-12-04 04:28:10] [Train] Report @step: 3.84 {'train__g_0_cls': nan, 'train__g_0_inner': nan, 'train__g_loss': nan, 'train__f_loss_cls': nan, 'train__f_loss_indep_g_0': nan, 'train__f_loss_indep': nan, 'train__f_loss': nan}
[2020-12-04 04:28:15] [Train] Report @step: 3.87 {'train__g_0_cls': nan, 'train__g_0_inner': nan, 'train__g_loss': nan, 'train__f_loss_cls': nan, 'train__f_loss_indep_g_0': nan, 'train__f_loss_indep': nan, 'train__f_loss': nan}
[2020-12-04 04:28:20] [Train] Report @step: 3.89 {'train__g_0_cls': nan, 'train__g_0_inner': nan, 'train__g_loss': nan, 'train__f_loss_cls': nan, 'train__f_loss_indep_g_0': nan, 'train__f_loss_indep': nan, 'train__f_loss': nan}
[2020-12-04 04:28:24] [Train] Report @step: 3.92 {'train__g_0_cls': nan, 'train__g_0_inner': nan, 'train__g_loss': nan, 'train__f_loss_cls': nan, 'train__f_loss_indep_g_0': nan, 'train__f_loss_indep': nan, 'train__f_loss': nan}
[2020-12-04 04:28:29] [Train] Report @step: 3.94 {'train__g_0_cls': nan, 'train__g_0_inner': nan, 'train__g_loss': nan, 'train__f_loss_cls': nan, 'train__f_loss_indep_g_0': nan, 'train__f_loss_indep': nan, 'train__f_loss': nan}
[2020-12-04 04:28:34] [Train] Report @step: 3.97 {'train__g_0_cls': nan, 'train__g_0_inner': nan, 'train__g_loss': nan, 'train__f_loss_cls': nan, 'train__f_loss_indep_g_0': nan, 'train__f_loss_indep': nan, 'train__f_loss': nan}
[2020-12-04 04:28:39] [Train] Report @step: 3.99 {'train__g_0_cls': nan, 'train__g_0_inner': nan, 'train__g_loss': nan, 'train__f_loss_cls': nan, 'train__f_loss_indep_g_0': nan, 'train__f_loss_indep': nan, 'train__f_loss': nan}
[2020-12-04 04:28:40] F learning rate: [0.000996064665247453], G learning rate: [0.000996064665247453]
[2020-12-04 04:29:34] [Validation] Report @step: 4.00 {'val__biased_f_acc': 0.0, 'val__biased_g_0_acc': 0.0, 'val__biased_outer_0_loss': nan, 'val__biased_inner_0_loss': nan}
[2020-12-04 04:29:34] [Validation] Report @step: 4.00 {'val__unbiased_f_acc': 0.0, 'val__unbiased_g_0_acc': 0.0, 'val__unbiased_outer_0_loss': nan, 'val__unbiased_inner_0_loss': nan}
[2020-12-04 04:29:34] [Validation] Report @step: 4.00 {'val__imagenet-a_f_acc': 0.10395584176632934, 'val__imagenet-a_g_0_acc': 0.10395584176632934, 'val__imagenet-a_outer_0_loss': nan, 'val__imagenet-a_inner_0_loss': nan}
[2020-12-04 04:29:36] state dict is saved to ./checkpoints/last.pth, metadata: {'cur_epoch': 4, 'best_acc': 0, 'scores': {'biased': {'f_acc': 0.0, 'g_0_acc': 0.0, 'outer_0_loss': nan, 'inner_0_loss': nan}, 'unbiased': {'f_acc': 0.0, 'g_0_acc': 0.0, 'outer_0_loss': nan, 'inner_0_loss': nan}, 'imagenet-a': {'f_acc': 0.10395584176632934, 'g_0_acc': 0.10395584176632934, 'outer_0_loss': nan, 'inner_0_loss': nan}}}
[2020-12-04 04:29:36] sigma update
[2020-12-04 04:29:36] computing sigma from data median
{'biased': {'f_acc': 0.0, 'g_0_acc': 0.0, 'outer_0_loss': nan, 'inner_0_loss': nan}, 'unbiased': {'f_acc': 0.0, 'g_0_acc': 0.0, 'outer_0_loss': nan, 'inner_0_loss': nan}, 'imagenet-a': {'f_acc': 0.10395584176632934, 'g_0_acc': 0.10395584176632934, 'outer_0_loss': nan, 'inner_0_loss': nan}}
[2020-12-04 04:29:57] current sigma: (nan) * 1 (nan) * 1
[2020-12-04 04:29:57] [Validation] Report @step: 4.00 {'sigma__f': nan, 'sigma__g': nan}
[2020-12-04 04:30:02] [Train] Report @step: 4.02 {'train__g_0_cls': nan, 'train__g_0_inner': nan, 'train__g_loss': nan, 'train__f_loss_cls': nan, 'train__f_loss_indep_g_0': nan, 'train__f_loss_indep': nan, 'train__f_loss': nan}
[2020-12-04 04:30:06] [Train] Report @step: 4.05 {'train__g_0_cls': nan, 'train__g_0_inner': nan, 'train__g_loss': nan, 'train__f_loss_cls': nan, 'train__f_loss_indep_g_0': nan, 'train__f_loss_indep': nan, 'train__f_loss': nan}
[2020-12-04 04:30:11] [Train] Report @step: 4.07 {'train__g_0_cls': nan, 'train__g_0_inner': nan, 'train__g_loss': nan, 'train__f_loss_cls': nan, 'train__f_loss_indep_g_0': nan, 'train__f_loss_indep': nan, 'train__f_loss': nan}
[2020-12-04 04:30:15] [Train] Report @step: 4.10 {'train__g_0_cls': nan, 'train__g_0_inner': nan, 'train__g_loss': nan, 'train__f_loss_cls': nan, 'train__f_loss_indep_g_0': nan, 'train__f_loss_indep': nan, 'train__f_loss': nan}
[2020-12-04 04:30:20] [Train] Report @step: 4.12 {'train__g_0_cls': nan, 'train__g_0_inner': nan, 'train__g_loss': nan, 'train__f_loss_cls': nan, 'train__f_loss_indep_g_0': nan, 'train__f_loss_indep': nan, 'train__f_loss': nan}
[2020-12-04 04:30:25] [Train] Report @step: 4.15 {'train__g_0_cls': nan, 'train__g_0_inner': nan, 'train__g_loss': nan, 'train__f_loss_cls': nan, 'train__f_loss_indep_g_0': nan, 'train__f_loss_indep': nan, 'train__f_loss': nan}
[2020-12-04 04:30:29] [Train] Report @step: 4.17 {'train__g_0_cls': nan, 'train__g_0_inner': nan, 'train__g_loss': nan, 'train__f_loss_cls': nan, 'train__f_loss_indep_g_0': nan, 'train__f_loss_indep': nan, 'train__f_loss': nan}
[2020-12-04 04:30:34] [Train] Report @step: 4.20 {'train__g_0_cls': nan, 'train__g_0_inner': nan, 'train__g_loss': nan, 'train__f_loss_cls': nan, 'train__f_loss_indep_g_0': nan, 'train__f_loss_indep': nan, 'train__f_loss': nan}
[2020-12-04 04:30:38] [Train] Report @step: 4.22 {'train__g_0_cls': nan, 'train__g_0_inner': nan, 'train__g_loss': nan, 'train__f_loss_cls': nan, 'train__f_loss_indep_g_0': nan, 'train__f_loss_indep': nan, 'train__f_loss': nan}
[2020-12-04 04:30:43] [Train] Report @step: 4.25 {'train__g_0_cls': nan, 'train__g_0_inner': nan, 'train__g_loss': nan, 'train__f_loss_cls': nan, 'train__f_loss_indep_g_0': nan, 'train__f_loss_indep': nan, 'train__f_loss': nan}
[2020-12-04 04:30:48] [Train] Report @step: 4.27 {'train__g_0_cls': nan, 'train__g_0_inner': nan, 'train__g_loss': nan, 'train__f_loss_cls': nan, 'train__f_loss_indep_g_0': nan, 'train__f_loss_indep': nan, 'train__f_loss': nan}
[2020-12-04 04:30:52] [Train] Report @step: 4.30 {'train__g_0_cls': nan, 'train__g_0_inner': nan, 'train__g_loss': nan, 'train__f_loss_cls': nan, 'train__f_loss_indep_g_0': nan, 'train__f_loss_indep': nan, 'train__f_loss': nan}
[2020-12-04 04:30:57] [Train] Report @step: 4.32 {'train__g_0_cls': nan, 'train__g_0_inner': nan, 'train__g_loss': nan, 'train__f_loss_cls': nan, 'train__f_loss_indep_g_0': nan, 'train__f_loss_indep': nan, 'train__f_loss': nan}
[2020-12-04 04:31:02] [Train] Report @step: 4.34 {'train__g_0_cls': nan, 'train__g_0_inner': nan, 'train__g_loss': nan, 'train__f_loss_cls': nan, 'train__f_loss_indep_g_0': nan, 'train__f_loss_indep': nan, 'train__f_loss': nan}
[2020-12-04 04:31:06] [Train] Report @step: 4.37 {'train__g_0_cls': nan, 'train__g_0_inner': nan, 'train__g_loss': nan, 'train__f_loss_cls': nan, 'train__f_loss_indep_g_0': nan, 'train__f_loss_indep': nan, 'train__f_loss': nan}
[2020-12-04 04:31:11] [Train] Report @step: 4.39 {'train__g_0_cls': nan, 'train__g_0_inner': nan, 'train__g_loss': nan, 'train__f_loss_cls': nan, 'train__f_loss_indep_g_0': nan, 'train__f_loss_indep': nan, 'train__f_loss': nan}
[2020-12-04 04:31:16] [Train] Report @step: 4.42 {'train__g_0_cls': nan, 'train__g_0_inner': nan, 'train__g_loss': nan, 'train__f_loss_cls': nan, 'train__f_loss_indep_g_0': nan, 'train__f_loss_indep': nan, 'train__f_loss': nan}
[2020-12-04 04:31:21] [Train] Report @step: 4.44 {'train__g_0_cls': nan, 'train__g_0_inner': nan, 'train__g_loss': nan, 'train__f_loss_cls': nan, 'train__f_loss_indep_g_0': nan, 'train__f_loss_indep': nan, 'train__f_loss': nan}
[2020-12-04 04:31:25] [Train] Report @step: 4.47 {'train__g_0_cls': nan, 'train__g_0_inner': nan, 'train__g_loss': nan, 'train__f_loss_cls': nan, 'train__f_loss_indep_g_0': nan, 'train__f_loss_indep': nan, 'train__f_loss': nan}
[2020-12-04 04:31:30] [Train] Report @step: 4.49 {'train__g_0_cls': nan, 'train__g_0_inner': nan, 'train__g_loss': nan, 'train__f_loss_cls': nan, 'train__f_loss_indep_g_0': nan, 'train__f_loss_indep': nan, 'train__f_loss': nan}
[2020-12-04 04:31:35] [Train] Report @step: 4.52 {'train__g_0_cls': nan, 'train__g_0_inner': nan, 'train__g_loss': nan, 'train__f_loss_cls': nan, 'train__f_loss_indep_g_0': nan, 'train__f_loss_indep': nan, 'train__f_loss': nan}
[2020-12-04 04:31:39] [Train] Report @step: 4.54 {'train__g_0_cls': nan, 'train__g_0_inner': nan, 'train__g_loss': nan, 'train__f_loss_cls': nan, 'train__f_loss_indep_g_0': nan, 'train__f_loss_indep': nan, 'train__f_loss': nan}
[2020-12-04 04:31:44] [Train] Report @step: 4.57 {'train__g_0_cls': nan, 'train__g_0_inner': nan, 'train__g_loss': nan, 'train__f_loss_cls': nan, 'train__f_loss_indep_g_0': nan, 'train__f_loss_indep': nan, 'train__f_loss': nan}
[2020-12-04 04:31:49] [Train] Report @step: 4.59 {'train__g_0_cls': nan, 'train__g_0_inner': nan, 'train__g_loss': nan, 'train__f_loss_cls': nan, 'train__f_loss_indep_g_0': nan, 'train__f_loss_indep': nan, 'train__f_loss': nan}
[2020-12-04 04:31:53] [Train] Report @step: 4.62 {'train__g_0_cls': nan, 'train__g_0_inner': nan, 'train__g_loss': nan, 'train__f_loss_cls': nan, 'train__f_loss_indep_g_0': nan, 'train__f_loss_indep': nan, 'train__f_loss': nan}
[2020-12-04 04:31:58] [Train] Report @step: 4.64 {'train__g_0_cls': nan, 'train__g_0_inner': nan, 'train__g_loss': nan, 'train__f_loss_cls': nan, 'train__f_loss_indep_g_0': nan, 'train__f_loss_indep': nan, 'train__f_loss': nan}
[2020-12-04 04:32:03] [Train] Report @step: 4.67 {'train__g_0_cls': nan, 'train__g_0_inner': nan, 'train__g_loss': nan, 'train__f_loss_cls': nan, 'train__f_loss_indep_g_0': nan, 'train__f_loss_indep': nan, 'train__f_loss': nan}
[2020-12-04 04:32:08] [Train] Report @step: 4.69 {'train__g_0_cls': nan, 'train__g_0_inner': nan, 'train__g_loss': nan, 'train__f_loss_cls': nan, 'train__f_loss_indep_g_0': nan, 'train__f_loss_indep': nan, 'train__f_loss': nan}
[2020-12-04 04:32:12] [Train] Report @step: 4.72 {'train__g_0_cls': nan, 'train__g_0_inner': nan, 'train__g_loss': nan, 'train__f_loss_cls': nan, 'train__f_loss_indep_g_0': nan, 'train__f_loss_indep': nan, 'train__f_loss': nan}
[2020-12-04 04:32:17] [Train] Report @step: 4.74 {'train__g_0_cls': nan, 'train__g_0_inner': nan, 'train__g_loss': nan, 'train__f_loss_cls': nan, 'train__f_loss_indep_g_0': nan, 'train__f_loss_indep': nan, 'train__f_loss': nan}
[2020-12-04 04:32:22] [Train] Report @step: 4.77 {'train__g_0_cls': nan, 'train__g_0_inner': nan, 'train__g_loss': nan, 'train__f_loss_cls': nan, 'train__f_loss_indep_g_0': nan, 'train__f_loss_indep': nan, 'train__f_loss': nan}
[2020-12-04 04:32:27] [Train] Report @step: 4.79 {'train__g_0_cls': nan, 'train__g_0_inner': nan, 'train__g_loss': nan, 'train__f_loss_cls': nan, 'train__f_loss_indep_g_0': nan, 'train__f_loss_indep': nan, 'train__f_loss': nan}
[2020-12-04 04:32:31] [Train] Report @step: 4.82 {'train__g_0_cls': nan, 'train__g_0_inner': nan, 'train__g_loss': nan, 'train__f_loss_cls': nan, 'train__f_loss_indep_g_0': nan, 'train__f_loss_indep': nan, 'train__f_loss': nan}
[2020-12-04 04:32:36] [Train] Report @step: 4.84 {'train__g_0_cls': nan, 'train__g_0_inner': nan, 'train__g_loss': nan, 'train__f_loss_cls': nan, 'train__f_loss_indep_g_0': nan, 'train__f_loss_indep': nan, 'train__f_loss': nan}
[2020-12-04 04:32:41] [Train] Report @step: 4.87 {'train__g_0_cls': nan, 'train__g_0_inner': nan, 'train__g_loss': nan, 'train__f_loss_cls': nan, 'train__f_loss_indep_g_0': nan, 'train__f_loss_indep': nan, 'train__f_loss': nan}
[2020-12-04 04:32:45] [Train] Report @step: 4.89 {'train__g_0_cls': nan, 'train__g_0_inner': nan, 'train__g_loss': nan, 'train__f_loss_cls': nan, 'train__f_loss_indep_g_0': nan, 'train__f_loss_indep': nan, 'train__f_loss': nan}
[2020-12-04 04:32:50] [Train] Report @step: 4.92 {'train__g_0_cls': nan, 'train__g_0_inner': nan, 'train__g_loss': nan, 'train__f_loss_cls': nan, 'train__f_loss_indep_g_0': nan, 'train__f_loss_indep': nan, 'train__f_loss': nan}
[2020-12-04 04:32:55] [Train] Report @step: 4.94 {'train__g_0_cls': nan, 'train__g_0_inner': nan, 'train__g_loss': nan, 'train__f_loss_cls': nan, 'train__f_loss_indep_g_0': nan, 'train__f_loss_indep': nan, 'train__f_loss': nan}
[2020-12-04 04:33:00] [Train] Report @step: 4.97 {'train__g_0_cls': nan, 'train__g_0_inner': nan, 'train__g_loss': nan, 'train__f_loss_cls': nan, 'train__f_loss_indep_g_0': nan, 'train__f_loss_indep': nan, 'train__f_loss': nan}
[2020-12-04 04:33:04] [Train] Report @step: 4.99 {'train__g_0_cls': nan, 'train__g_0_inner': nan, 'train__g_loss': nan, 'train__f_loss_cls': nan, 'train__f_loss_indep_g_0': nan, 'train__f_loss_indep': nan, 'train__f_loss': nan}
[2020-12-04 04:33:05] F learning rate: [0.0009941862872254632], G learning rate: [0.0009941862872254632]
[2020-12-04 04:33:59] [Validation] Report @step: 5.00 {'val__biased_f_acc': 0.0, 'val__biased_g_0_acc': 0.0, 'val__biased_outer_0_loss': nan, 'val__biased_inner_0_loss': nan}
[2020-12-04 04:33:59] [Validation] Report @step: 5.00 {'val__unbiased_f_acc': 0.0, 'val__unbiased_g_0_acc': 0.0, 'val__unbiased_outer_0_loss': nan, 'val__unbiased_inner_0_loss': nan}
[2020-12-04 04:33:59] [Validation] Report @step: 5.00 {'val__imagenet-a_f_acc': 0.10395584176632934, 'val__imagenet-a_g_0_acc': 0.10395584176632934, 'val__imagenet-a_outer_0_loss': nan, 'val__imagenet-a_inner_0_loss': nan}
[2020-12-04 04:34:01] state dict is saved to ./checkpoints/last.pth, metadata: {'cur_epoch': 5, 'best_acc': 0, 'scores': {'biased': {'f_acc': 0.0, 'g_0_acc': 0.0, 'outer_0_loss': nan, 'inner_0_loss': nan}, 'unbiased': {'f_acc': 0.0, 'g_0_acc': 0.0, 'outer_0_loss': nan, 'inner_0_loss': nan}, 'imagenet-a': {'f_acc': 0.10395584176632934, 'g_0_acc': 0.10395584176632934, 'outer_0_loss': nan, 'inner_0_loss': nan}}}
[2020-12-04 04:34:01] sigma update
[2020-12-04 04:34:01] computing sigma from data median
{'biased': {'f_acc': 0.0, 'g_0_acc': 0.0, 'outer_0_loss': nan, 'inner_0_loss': nan}, 'unbiased': {'f_acc': 0.0, 'g_0_acc': 0.0, 'outer_0_loss': nan, 'inner_0_loss': nan}, 'imagenet-a': {'f_acc': 0.10395584176632934, 'g_0_acc': 0.10395584176632934, 'outer_0_loss': nan, 'inner_0_loss': nan}}
[2020-12-04 04:34:22] current sigma: (nan) * 1 (nan) * 1
[2020-12-04 04:34:22] [Validation] Report @step: 5.00 {'sigma__f': nan, 'sigma__g': nan}
slurmstepd: error: *** JOB 1221219 ON icsnode12 CANCELLED AT 2020-12-04T04:34:23 ***
